<?xml version="1.0" encoding="UTF-8"?>
<!-- Generated by org.testng.reporters.JUnitXMLReporter -->
<testsuite ignored="0" hostname="DESKTOP-MQ0LM4P" failures="0" tests="3" name="Default test" time="0.141" errors="0" timestamp="2023-06-02T15:06:51 IST">
  <testcase classname="testclass.TestScript" name="@BeforeTest Launchbrowser" time="-1.685698611583E9">
    <failure type="org.testng.TestNGException" message="
Parameter &amp;apos;Browser&amp;apos; is required by BeforeTest on method Launchbrowser but has not been marked @Optional or defined
in C:\Users\DELL\AppData\Local\Temp\testng-eclipse--1580588479\testng-customsuite.xml">
      <![CDATA[org.testng.TestNGException: 
Parameter 'Browser' is required by BeforeTest on method Launchbrowser but has not been marked @Optional or defined
in C:\Users\DELL\AppData\Local\Temp\testng-eclipse--1580588479\testng-customsuite.xml
at org.testng.internal.Parameters.createParams(Parameters.java:270)
at org.testng.internal.Parameters.createParametersForMethod(Parameters.java:358)
at org.testng.internal.Parameters.createParameters(Parameters.java:700)
at org.testng.internal.Parameters.createConfigurationParameters(Parameters.java:168)
at org.testng.internal.ConfigInvoker.invokeConfigurations(ConfigInvoker.java:302)
at org.testng.TestRunner.invokeTestConfigurations(TestRunner.java:637)
at org.testng.TestRunner.beforeRun(TestRunner.java:627)
at org.testng.TestRunner.run(TestRunner.java:589)
at org.testng.SuiteRunner.runTest(SuiteRunner.java:377)
at org.testng.SuiteRunner.runSequentially(SuiteRunner.java:371)
at org.testng.SuiteRunner.privateRun(SuiteRunner.java:332)
at org.testng.SuiteRunner.run(SuiteRunner.java:276)
at org.testng.SuiteRunnerWorker.runSuite(SuiteRunnerWorker.java:53)
at org.testng.SuiteRunnerWorker.run(SuiteRunnerWorker.java:96)
at org.testng.TestNG.runSuitesSequentially(TestNG.java:1212)
at org.testng.TestNG.runSuitesLocally(TestNG.java:1134)
at org.testng.TestNG.runSuites(TestNG.java:1063)
at org.testng.TestNG.run(TestNG.java:1031)
at org.testng.remote.AbstractRemoteTestNG.run(AbstractRemoteTestNG.java:115)
at org.testng.remote.RemoteTestNG.initAndRun(RemoteTestNG.java:251)
at org.testng.remote.RemoteTestNG.main(RemoteTestNG.java:77)
]]>
    </failure>
  </testcase> <!-- @BeforeTest Launchbrowser -->
  <testcase classname="testclass.TestScript" name="@BeforeMethod verifylogin" time="-1.685698611645E9">
    <skipped/>
  </testcase> <!-- @BeforeMethod verifylogin -->
  <testcase classname="testclass.TestScript" name="@AfterMethod signout" time="-1.68569861166E9">
    <skipped/>
  </testcase> <!-- @AfterMethod signout -->
  <testcase classname="testclass.TestScript" name="@BeforeMethod verifylogin" time="-1.68569861167E9">
    <skipped/>
  </testcase> <!-- @BeforeMethod verifylogin -->
  <testcase classname="testclass.TestScript" name="@AfterMethod signout" time="-1.685698611684E9">
    <skipped/>
  </testcase> <!-- @AfterMethod signout -->
  <testcase classname="testclass.TestScript" name="@BeforeMethod verifylogin" time="-1.685698611694E9">
    <skipped/>
  </testcase> <!-- @BeforeMethod verifylogin -->
  <testcase classname="testclass.TestScript" name="@AfterMethod signout" time="-1.685698611705E9">
    <skipped/>
  </testcase> <!-- @AfterMethod signout -->
  <testcase classname="testclass.TestScript" name="@AfterTest quit" time="-1.685698611713E9">
    <skipped/>
  </testcase> <!-- @AfterTest quit -->
  <testcase classname="testclass.TestScript" name="loanpayment" time="0.0">
    <skipped/>
  </testcase> <!-- loanpayment -->
  <testcase classname="testclass.TestScript" name="creditcard" time="0.0">
    <skipped/>
  </testcase> <!-- creditcard -->
  <testcase classname="testclass.TestScript" name="frc" time="0.0">
    <skipped/>
  </testcase> <!-- frc -->
</testsuite> <!-- Default test -->
